test_bad_extension (test_build_lyx.test_build_lyx)
Test that build_lyx() recognises an inappropriate file extension ... ok
test_default (test_build_lyx.test_build_lyx) ... ok
test_bad_extension (test_build_python.testbuild_python) ... ok
test_default (test_build_python.testbuild_python) ... ok
test_bad_extension (test_build_r.testbuild_r)
Test that build_r() recognises an inappropriate file extension ... ok
test_default (test_build_r.testbuild_r) ... ok
test_bad_extension (test_build_stata.testbuild_stata) ... ok
test_bad_user_executable (test_build_stata.testbuild_stata) ... ok
test_default (test_build_stata.testbuild_stata) ... ok
test_user_executable_unix (test_build_stata.testbuild_stata) ... ok
test_default (test_build_tables.test_build_tables) ... ok
test_default_string_target (test_build_tables.test_build_tables) ... ok
test_target_extension (test_build_tables.test_build_tables)
Test that build_tables() recognises an inappropriate file extension ... ok
test_log_timestamp (test_log.test_log)
Test that log_timestamp() correctly adds start/end times to a log ... ok
test_start_log (test_log.test_log) ... ok
test_check_code_extension (test_misc.test_misc)
Unit tests for check_code_extension() ... ok
test_check_lfs (test_misc.test_misc) ... ok
test_current_time (test_misc.test_misc)
Test that current_time() prints times in the expected format ... ok
test_is_64_windows (test_misc.test_misc) ... ok
test_is_exe (test_misc.test_misc) ... ERROR
test_is_in_path (test_misc.test_misc) ... ERROR
test_is_unix (test_misc.test_misc) ... ok
test_make_list_if_string (test_misc.test_misc) ... ok
test_stata_command_unix (test_misc.test_misc) ... skipped 'skipped test_stata_command_unix because on a windows machine'
test_stata_command_win (test_misc.test_misc) ... ok

======================================================================
ERROR: test_user_executable (test_build_stata.testbuild_stata)
----------------------------------------------------------------------
Ran 25 tests in 15.953s

======================================================================
ERROR: test_is_exe (test_misc.test_misc)
----------------------------------------------------------------------
Traceback (most recent call last):
  File "C:\Users\lechi\GSLab\gslab_python\gslab_scons\tests\test_misc.py", line 50, in test_is_exe
    self.assertTrue(misc.is_exe(pyth_exec))
  File "C:\PYTHON27\lib\site-packages\gslab_tools-2.0.1-py2.7.egg\gslab_scons\misc.py", line 81, in is_exe
    return os.path.isfile(file_path) and os.access(file_path, os.X_OK)
  File "C:\PYTHON27\lib\genericpath.py", line 37, in isfile
    st = os.stat(path)
TypeError: coercing to Unicode: need string or buffer, NoneType found

======================================================================
ERROR: test_is_in_path (test_misc.test_misc)
----------------------------------------------------------------------
Traceback (most recent call last):
  File "C:\Users\lechi\GSLab\gslab_python\gslab_scons\tests\test_misc.py", line 46, in test_is_in_path
    self.assertTrue(re.search('python', misc.is_in_path('python')))
  File "C:\PYTHON27\lib\re.py", line 146, in search
    return _compile(pattern, flags).search(string)
TypeError: expected string or buffer

----------------------------------------------------------------------
Ran 25 tests in 15.654s

FAILED (errors=3, skipped=1)
